[debug] [2020-01-20T20:14:59.458Z] ----------------------------------------------------------------------
[debug] [2020-01-20T20:14:59.460Z] Command:       /Users/Nic/.nvm/versions/node/v10.16.0/bin/node /Users/Nic/.nvm/versions/node/v10.16.0/bin/firebase deploy
[debug] [2020-01-20T20:14:59.460Z] CLI Version:   7.9.0
[debug] [2020-01-20T20:14:59.460Z] Platform:      darwin
[debug] [2020-01-20T20:14:59.460Z] Node Version:  v10.16.0
[debug] [2020-01-20T20:14:59.461Z] Time:          Mon Jan 20 2020 15:14:59 GMT-0500 (Eastern Standard Time)
[debug] [2020-01-20T20:14:59.461Z] ----------------------------------------------------------------------
[debug] [2020-01-20T20:14:59.461Z] 
[debug] [2020-01-20T20:14:59.473Z] > command requires scopes: ["email","openid","https://www.googleapis.com/auth/cloudplatformprojects.readonly","https://www.googleapis.com/auth/firebase","https://www.googleapis.com/auth/cloud-platform"]
[debug] [2020-01-20T20:14:59.473Z] > authorizing via signed-in user
[debug] [2020-01-20T20:14:59.473Z] [iam] checking project nebula-aws-website for permissions ["firebase.projects.get","firebasehosting.sites.update"]
[debug] [2020-01-20T20:14:59.475Z] > refreshing access token with scopes: ["email","https://www.googleapis.com/auth/cloud-platform","https://www.googleapis.com/auth/cloudplatformprojects.readonly","https://www.googleapis.com/auth/firebase","openid"]
[debug] [2020-01-20T20:14:59.475Z] >>> HTTP REQUEST POST https://www.googleapis.com/oauth2/v3/token  
 <request body omitted>
[debug] [2020-01-20T20:14:59.686Z] <<< HTTP RESPONSE 200
[debug] [2020-01-20T20:14:59.697Z] >>> HTTP REQUEST POST https://cloudresourcemanager.googleapis.com/v1/projects/nebula-aws-website:testIamPermissions  

[debug] [2020-01-20T20:15:00.116Z] <<< HTTP RESPONSE 200
[debug] [2020-01-20T20:15:00.118Z] >>> HTTP REQUEST GET https://firebase.googleapis.com/v1beta1/projects/nebula-aws-website  
 
[debug] [2020-01-20T20:15:00.807Z] <<< HTTP RESPONSE 200
[info] 
[info] === Deploying to 'nebula-aws-website'...
[info] 
[info] i  deploying hosting
[debug] [2020-01-20T20:15:00.813Z] >>> HTTP REQUEST POST https://firebasehosting.googleapis.com/v1beta1/sites/nebula-aws-website/versions  

[debug] [2020-01-20T20:15:02.060Z] <<< HTTP RESPONSE 200
[info] i  hosting[nebula-aws-website]: beginning deploy...
[info] i  hosting[nebula-aws-website]: found 46 files in build
[debug] [2020-01-20T20:15:02.366Z] [hosting] hash cache [YnVpbGQ] stored for 46 files
[debug] [2020-01-20T20:15:02.366Z] [hosting][hash queue][FINAL]
[debug] [2020-01-20T20:15:02.366Z] >>> HTTP REQUEST POST https://firebasehosting.googleapis.com/v1beta1/sites/nebula-aws-website/versions/5d6f487a8c334d2d:populateFiles  
 <request body omitted>
