[debug] [2020-01-17T23:47:36.972Z] ----------------------------------------------------------------------
[debug] [2020-01-17T23:47:36.974Z] Command:       /Users/Nic/.nvm/versions/node/v10.16.0/bin/node /Users/Nic/.nvm/versions/node/v10.16.0/bin/firebase deploy
[debug] [2020-01-17T23:47:36.974Z] CLI Version:   7.9.0
[debug] [2020-01-17T23:47:36.974Z] Platform:      darwin
[debug] [2020-01-17T23:47:36.974Z] Node Version:  v10.16.0
[debug] [2020-01-17T23:47:36.977Z] Time:          Fri Jan 17 2020 18:47:36 GMT-0500 (Eastern Standard Time)
[debug] [2020-01-17T23:47:36.977Z] ----------------------------------------------------------------------
[debug] [2020-01-17T23:47:36.977Z] 
[debug] [2020-01-17T23:47:36.988Z] > command requires scopes: ["email","openid","https://www.googleapis.com/auth/cloudplatformprojects.readonly","https://www.googleapis.com/auth/firebase","https://www.googleapis.com/auth/cloud-platform"]
[debug] [2020-01-17T23:47:36.988Z] > authorizing via signed-in user
[debug] [2020-01-17T23:47:36.988Z] [iam] checking project nebula-se-website for permissions ["firebase.projects.get","firebasehosting.sites.update"]
[debug] [2020-01-17T23:47:36.990Z] > refreshing access token with scopes: ["email","https://www.googleapis.com/auth/cloud-platform","https://www.googleapis.com/auth/cloudplatformprojects.readonly","https://www.googleapis.com/auth/firebase","openid"]
[debug] [2020-01-17T23:47:36.990Z] >>> HTTP REQUEST POST https://www.googleapis.com/oauth2/v3/token  
 <request body omitted>
[debug] [2020-01-17T23:47:37.137Z] <<< HTTP RESPONSE 200
[debug] [2020-01-17T23:47:37.149Z] >>> HTTP REQUEST POST https://cloudresourcemanager.googleapis.com/v1/projects/nebula-se-website:testIamPermissions  

[debug] [2020-01-17T23:47:37.363Z] <<< HTTP RESPONSE 200
[debug] [2020-01-17T23:47:37.365Z] >>> HTTP REQUEST GET https://firebase.googleapis.com/v1beta1/projects/nebula-se-website  
 
[debug] [2020-01-17T23:47:37.571Z] <<< HTTP RESPONSE 200
[info] 
[info] === Deploying to 'nebula-se-website'...
[info] 
[info] i  deploying hosting
[debug] [2020-01-17T23:47:37.576Z] >>> HTTP REQUEST POST https://firebasehosting.googleapis.com/v1beta1/sites/nebula-se-website/versions  

